[0.248s] DEBUG:colcon:Command line arguments: ['/usr/bin/colcon', 'build', '--packages-select', 'publisher_listener']
[0.248s] DEBUG:colcon:Parsed command line arguments: Namespace(log_base=None, log_level=None, verb_name='build', build_base='build', install_base='install', merge_install=False, symlink_install=False, test_result_base=None, continue_on_error=False, executor='parallel', parallel_workers=4, event_handlers=None, ignore_user_meta=False, metas=['./colcon.meta'], base_paths=['.'], packages_ignore=None, packages_ignore_regex=None, paths=None, packages_up_to=None, packages_up_to_regex=None, packages_above=None, packages_above_and_dependencies=None, packages_above_depth=None, packages_select_by_dep=None, packages_skip_by_dep=None, packages_skip_up_to=None, packages_select_build_failed=False, packages_skip_build_finished=False, packages_select_test_failures=False, packages_skip_test_passed=False, packages_select=['publisher_listener'], packages_skip=None, packages_select_regex=None, packages_skip_regex=None, packages_start=None, packages_end=None, allow_overriding=[], cmake_args=None, cmake_target=None, cmake_target_skip_unavailable=False, cmake_clean_cache=False, cmake_clean_first=False, cmake_force_configure=False, ament_cmake_args=None, catkin_cmake_args=None, catkin_skip_building_tests=False, verb_parser=<colcon_defaults.argument_parser.defaults.DefaultArgumentsDecorator object at 0x757b4d74d450>, verb_extension=<colcon_core.verb.build.BuildVerb object at 0x757b4d74c8b0>, main=<bound method BuildVerb.main of <colcon_core.verb.build.BuildVerb object at 0x757b4d74c8b0>>)
[0.682s] Level 1:colcon.colcon_core.package_discovery:discover_packages(colcon_meta) check parameters
[0.682s] Level 1:colcon.colcon_core.package_discovery:discover_packages(recursive) check parameters
[0.682s] Level 1:colcon.colcon_core.package_discovery:discover_packages(ignore) check parameters
[0.682s] Level 1:colcon.colcon_core.package_discovery:discover_packages(path) check parameters
[0.682s] Level 1:colcon.colcon_core.package_discovery:discover_packages(colcon_meta) discover
[0.682s] Level 1:colcon.colcon_core.package_discovery:discover_packages(recursive) discover
[0.683s] INFO:colcon.colcon_core.package_discovery:Crawling recursively for packages in '/home/tanay/ros2_workspace/src/publisher_listener'
[0.683s] Level 1:colcon.colcon_core.package_identification:_identify(.) by extensions ['ignore', 'ignore_ament_install']
[0.683s] Level 1:colcon.colcon_core.package_identification:_identify(.) by extension 'ignore'
[0.683s] Level 1:colcon.colcon_core.package_identification:_identify(.) by extension 'ignore_ament_install'
[0.683s] Level 1:colcon.colcon_core.package_identification:_identify(.) by extensions ['colcon_pkg']
[0.683s] Level 1:colcon.colcon_core.package_identification:_identify(.) by extension 'colcon_pkg'
[0.683s] Level 1:colcon.colcon_core.package_identification:_identify(.) by extensions ['colcon_meta']
[0.683s] Level 1:colcon.colcon_core.package_identification:_identify(.) by extension 'colcon_meta'
[0.683s] Level 1:colcon.colcon_core.package_identification:_identify(.) by extensions ['ros']
[0.683s] Level 1:colcon.colcon_core.package_identification:_identify(.) by extension 'ros'
[0.708s] DEBUG:colcon.colcon_core.package_identification:Found ROS schema reference in package manifest in '.'
[0.708s] WARNING:colcon.colcon_core.package_identification:Failed to parse ROS package manifest in '.': Error(s) in package './package.xml':
Error(s):
- The generic dependency on 'rclpy' is redundant with: exec_depend
[0.708s] Level 1:colcon.colcon_core.package_identification:_identify(.) by extensions ['cmake', 'python']
[0.708s] Level 1:colcon.colcon_core.package_identification:_identify(.) by extension 'cmake'
[0.709s] Level 1:colcon.colcon_core.package_identification:_identify(.) by extension 'python'
[0.709s] DEBUG:colcon.colcon_core.package_identification:Python package in '.' passes arguments to the setup() function which requires a different identification extension than 'python'
[0.709s] Level 1:colcon.colcon_core.package_identification:_identify(.) by extensions ['python_setup_py']
[0.709s] Level 1:colcon.colcon_core.package_identification:_identify(.) by extension 'python_setup_py'
[1.401s] DEBUG:colcon.colcon_core.package_identification:Package '.' with type 'python' and name 'publisher_listener'
[1.401s] Level 1:colcon.colcon_core.package_discovery:discover_packages(recursive) using defaults
[1.401s] Level 1:colcon.colcon_core.package_discovery:discover_packages(ignore) discover
[1.401s] Level 1:colcon.colcon_core.package_discovery:discover_packages(ignore) using defaults
[1.401s] Level 1:colcon.colcon_core.package_discovery:discover_packages(path) discover
[1.401s] Level 1:colcon.colcon_core.package_discovery:discover_packages(path) using defaults
[1.455s] Level 1:colcon.colcon_core.package_discovery:discover_packages(prefix_path) check parameters
[1.455s] Level 1:colcon.colcon_core.package_discovery:discover_packages(prefix_path) discover
[1.459s] DEBUG:colcon.colcon_installed_package_information.package_discovery:Found 6 installed packages in /home/tanay/ros2_workspace/install
[1.462s] DEBUG:colcon.colcon_installed_package_information.package_discovery:Found 270 installed packages in /opt/ros/humble
[1.464s] Level 1:colcon.colcon_core.package_discovery:discover_packages(prefix_path) using defaults
[1.539s] Level 5:colcon.colcon_core.verb:set package 'publisher_listener' build argument 'cmake_args' from command line to 'None'
[1.539s] Level 5:colcon.colcon_core.verb:set package 'publisher_listener' build argument 'cmake_target' from command line to 'None'
[1.539s] Level 5:colcon.colcon_core.verb:set package 'publisher_listener' build argument 'cmake_target_skip_unavailable' from command line to 'False'
[1.539s] Level 5:colcon.colcon_core.verb:set package 'publisher_listener' build argument 'cmake_clean_cache' from command line to 'False'
[1.539s] Level 5:colcon.colcon_core.verb:set package 'publisher_listener' build argument 'cmake_clean_first' from command line to 'False'
[1.539s] Level 5:colcon.colcon_core.verb:set package 'publisher_listener' build argument 'cmake_force_configure' from command line to 'False'
[1.540s] Level 5:colcon.colcon_core.verb:set package 'publisher_listener' build argument 'ament_cmake_args' from command line to 'None'
[1.540s] Level 5:colcon.colcon_core.verb:set package 'publisher_listener' build argument 'catkin_cmake_args' from command line to 'None'
[1.540s] Level 5:colcon.colcon_core.verb:set package 'publisher_listener' build argument 'catkin_skip_building_tests' from command line to 'False'
[1.540s] DEBUG:colcon.colcon_core.verb:Building package 'publisher_listener' with the following arguments: {'ament_cmake_args': None, 'build_base': '/home/tanay/ros2_workspace/src/publisher_listener/build/publisher_listener', 'catkin_cmake_args': None, 'catkin_skip_building_tests': False, 'cmake_args': None, 'cmake_clean_cache': False, 'cmake_clean_first': False, 'cmake_force_configure': False, 'cmake_target': None, 'cmake_target_skip_unavailable': False, 'install_base': '/home/tanay/ros2_workspace/src/publisher_listener/install/publisher_listener', 'merge_install': False, 'path': '/home/tanay/ros2_workspace/src/publisher_listener', 'symlink_install': False, 'test_result_base': None}
[1.540s] INFO:colcon.colcon_core.executor:Executing jobs using 'parallel' executor
[1.543s] DEBUG:colcon.colcon_parallel_executor.executor.parallel:run_until_complete
[1.543s] INFO:colcon.colcon_core.task.python.build:Building Python package in '/home/tanay/ros2_workspace/src/publisher_listener'
[1.548s] INFO:colcon.colcon_core.plugin_system:Skipping extension 'colcon_core.shell.bat': Not used on non-Windows systems
[1.548s] INFO:colcon.colcon_core.shell:Skip shell extension 'powershell' for command environment: Not usable outside of PowerShell
[1.548s] DEBUG:colcon.colcon_core.shell:Skip shell extension 'dsv' for command environment
[3.010s] DEBUG:colcon.colcon_core.event_handler.log_command:Invoking command in '/home/tanay/ros2_workspace/src/publisher_listener': PYTHONPATH=/home/tanay/ros2_workspace/src/publisher_listener/build/publisher_listener/prefix_override:/usr/lib/python3/dist-packages/colcon_core/task/python/colcon_distutils_commands:/home/tanay/ros2_workspace/src/publisher_listener/install/publisher_listener/lib/python3.10/site-packages:${PYTHONPATH} /usr/bin/python3 -W ignore:setup.py install is deprecated -W ignore:easy_install command is deprecated setup.py egg_info --egg-base build/publisher_listener build --build-base /home/tanay/ros2_workspace/src/publisher_listener/build/publisher_listener/build install --record /home/tanay/ros2_workspace/src/publisher_listener/build/publisher_listener/install.log --single-version-externally-managed install_data
[3.689s] DEBUG:colcon.colcon_core.event_handler.log_command:Invoked command in '/home/tanay/ros2_workspace/src/publisher_listener' returned '0': PYTHONPATH=/home/tanay/ros2_workspace/src/publisher_listener/build/publisher_listener/prefix_override:/usr/lib/python3/dist-packages/colcon_core/task/python/colcon_distutils_commands:/home/tanay/ros2_workspace/src/publisher_listener/install/publisher_listener/lib/python3.10/site-packages:${PYTHONPATH} /usr/bin/python3 -W ignore:setup.py install is deprecated -W ignore:easy_install command is deprecated setup.py egg_info --egg-base build/publisher_listener build --build-base /home/tanay/ros2_workspace/src/publisher_listener/build/publisher_listener/build install --record /home/tanay/ros2_workspace/src/publisher_listener/build/publisher_listener/install.log --single-version-externally-managed install_data
[3.695s] Level 1:colcon.colcon_core.environment:checking '/home/tanay/ros2_workspace/src/publisher_listener/install/publisher_listener' for CMake module files
[3.696s] Level 1:colcon.colcon_core.environment:checking '/home/tanay/ros2_workspace/src/publisher_listener/install/publisher_listener' for CMake config files
[3.697s] Level 1:colcon.colcon_core.environment:checking '/home/tanay/ros2_workspace/src/publisher_listener/install/publisher_listener/lib'
[3.697s] Level 1:colcon.colcon_core.environment:checking '/home/tanay/ros2_workspace/src/publisher_listener/install/publisher_listener/bin'
[3.697s] Level 1:colcon.colcon_core.environment:checking '/home/tanay/ros2_workspace/src/publisher_listener/install/publisher_listener/lib/pkgconfig/publisher_listener.pc'
[3.698s] Level 1:colcon.colcon_core.environment:checking '/home/tanay/ros2_workspace/src/publisher_listener/install/publisher_listener/lib/python3.10/site-packages'
[3.698s] Level 1:colcon.colcon_core.shell:create_environment_hook('publisher_listener', 'pythonpath')
[3.698s] INFO:colcon.colcon_core.shell:Creating environment hook '/home/tanay/ros2_workspace/src/publisher_listener/install/publisher_listener/share/publisher_listener/hook/pythonpath.ps1'
[3.700s] INFO:colcon.colcon_core.shell:Creating environment descriptor '/home/tanay/ros2_workspace/src/publisher_listener/install/publisher_listener/share/publisher_listener/hook/pythonpath.dsv'
[3.700s] INFO:colcon.colcon_core.shell:Creating environment hook '/home/tanay/ros2_workspace/src/publisher_listener/install/publisher_listener/share/publisher_listener/hook/pythonpath.sh'
[3.702s] Level 1:colcon.colcon_core.environment:checking '/home/tanay/ros2_workspace/src/publisher_listener/install/publisher_listener/bin'
[3.702s] Level 1:colcon.colcon_core.environment:create_environment_scripts_only(publisher_listener)
[3.703s] INFO:colcon.colcon_core.shell:Creating package script '/home/tanay/ros2_workspace/src/publisher_listener/install/publisher_listener/share/publisher_listener/package.ps1'
[3.704s] INFO:colcon.colcon_core.shell:Creating package descriptor '/home/tanay/ros2_workspace/src/publisher_listener/install/publisher_listener/share/publisher_listener/package.dsv'
[3.705s] INFO:colcon.colcon_core.shell:Creating package script '/home/tanay/ros2_workspace/src/publisher_listener/install/publisher_listener/share/publisher_listener/package.sh'
[3.706s] INFO:colcon.colcon_core.shell:Creating package script '/home/tanay/ros2_workspace/src/publisher_listener/install/publisher_listener/share/publisher_listener/package.bash'
[3.709s] INFO:colcon.colcon_core.shell:Creating package script '/home/tanay/ros2_workspace/src/publisher_listener/install/publisher_listener/share/publisher_listener/package.zsh'
[3.710s] Level 1:colcon.colcon_core.environment:create_file_with_runtime_dependencies(/home/tanay/ros2_workspace/src/publisher_listener/install/publisher_listener/share/colcon-core/packages/publisher_listener)
[3.711s] DEBUG:colcon.colcon_parallel_executor.executor.parallel:closing loop
[3.712s] DEBUG:colcon.colcon_parallel_executor.executor.parallel:loop closed
[3.713s] DEBUG:colcon.colcon_parallel_executor.executor.parallel:run_until_complete finished with '0'
[3.713s] DEBUG:colcon.colcon_core.event_reactor:joining thread
[3.720s] INFO:colcon.colcon_core.plugin_system:Skipping extension 'colcon_notification.desktop_notification.terminal_notifier': Not used on non-Darwin systems
[3.721s] INFO:colcon.colcon_core.plugin_system:Skipping extension 'colcon_notification.desktop_notification.win32': Not used on non-Windows systems
[3.721s] INFO:colcon.colcon_notification.desktop_notification:Sending desktop notification using 'notify2'
[3.746s] DEBUG:colcon.colcon_core.event_reactor:joined thread
[3.747s] INFO:colcon.colcon_core.shell:Creating prefix script '/home/tanay/ros2_workspace/src/publisher_listener/install/local_setup.ps1'
[3.748s] INFO:colcon.colcon_core.shell:Creating prefix util module '/home/tanay/ros2_workspace/src/publisher_listener/install/_local_setup_util_ps1.py'
[3.755s] INFO:colcon.colcon_core.shell:Creating prefix chain script '/home/tanay/ros2_workspace/src/publisher_listener/install/setup.ps1'
[3.759s] INFO:colcon.colcon_core.shell:Creating prefix script '/home/tanay/ros2_workspace/src/publisher_listener/install/local_setup.sh'
[3.761s] INFO:colcon.colcon_core.shell:Creating prefix util module '/home/tanay/ros2_workspace/src/publisher_listener/install/_local_setup_util_sh.py'
[3.763s] INFO:colcon.colcon_core.shell:Creating prefix chain script '/home/tanay/ros2_workspace/src/publisher_listener/install/setup.sh'
[3.766s] INFO:colcon.colcon_core.shell:Creating prefix script '/home/tanay/ros2_workspace/src/publisher_listener/install/local_setup.bash'
[3.767s] INFO:colcon.colcon_core.shell:Creating prefix chain script '/home/tanay/ros2_workspace/src/publisher_listener/install/setup.bash'
[3.770s] INFO:colcon.colcon_core.shell:Creating prefix script '/home/tanay/ros2_workspace/src/publisher_listener/install/local_setup.zsh'
[3.772s] INFO:colcon.colcon_core.shell:Creating prefix chain script '/home/tanay/ros2_workspace/src/publisher_listener/install/setup.zsh'
