[1.465s] Invoking command in '/home/tanay/ros2_workspace/src/publisher_listener': PYTHONPATH=/home/tanay/ros2_workspace/src/publisher_listener/build/publisher_listener/prefix_override:/usr/lib/python3/dist-packages/colcon_core/task/python/colcon_distutils_commands:/home/tanay/ros2_workspace/src/publisher_listener/install/publisher_listener/lib/python3.10/site-packages:${PYTHONPATH} /usr/bin/python3 -W ignore:setup.py install is deprecated -W ignore:easy_install command is deprecated setup.py egg_info --egg-base build/publisher_listener build --build-base /home/tanay/ros2_workspace/src/publisher_listener/build/publisher_listener/build install --record /home/tanay/ros2_workspace/src/publisher_listener/build/publisher_listener/install.log --single-version-externally-managed install_data
[2.022s] running egg_info
[2.023s] creating build/publisher_listener/publisher_listener.egg-info
[2.023s] writing build/publisher_listener/publisher_listener.egg-info/PKG-INFO
[2.023s] writing dependency_links to build/publisher_listener/publisher_listener.egg-info/dependency_links.txt
[2.024s] writing entry points to build/publisher_listener/publisher_listener.egg-info/entry_points.txt
[2.024s] writing requirements to build/publisher_listener/publisher_listener.egg-info/requires.txt
[2.024s] writing top-level names to build/publisher_listener/publisher_listener.egg-info/top_level.txt
[2.024s] writing manifest file 'build/publisher_listener/publisher_listener.egg-info/SOURCES.txt'
[2.027s] reading manifest file 'build/publisher_listener/publisher_listener.egg-info/SOURCES.txt'
[2.029s] writing manifest file 'build/publisher_listener/publisher_listener.egg-info/SOURCES.txt'
[2.030s] running build
[2.030s] running build_py
[2.031s] creating /home/tanay/ros2_workspace/src/publisher_listener/build/publisher_listener/build
[2.031s] creating /home/tanay/ros2_workspace/src/publisher_listener/build/publisher_listener/build/lib
[2.031s] creating /home/tanay/ros2_workspace/src/publisher_listener/build/publisher_listener/build/lib/publisher_listener
[2.031s] copying publisher_listener/publisher_node.py -> /home/tanay/ros2_workspace/src/publisher_listener/build/publisher_listener/build/lib/publisher_listener
[2.032s] copying publisher_listener/listener_node.py -> /home/tanay/ros2_workspace/src/publisher_listener/build/publisher_listener/build/lib/publisher_listener
[2.032s] copying publisher_listener/__init__.py -> /home/tanay/ros2_workspace/src/publisher_listener/build/publisher_listener/build/lib/publisher_listener
[2.032s] running install
[2.032s] running install_lib
[2.035s] creating /home/tanay/ros2_workspace/src/publisher_listener/install/publisher_listener/lib/python3.10/site-packages/publisher_listener
[2.036s] copying /home/tanay/ros2_workspace/src/publisher_listener/build/publisher_listener/build/lib/publisher_listener/publisher_node.py -> /home/tanay/ros2_workspace/src/publisher_listener/install/publisher_listener/lib/python3.10/site-packages/publisher_listener
[2.036s] copying /home/tanay/ros2_workspace/src/publisher_listener/build/publisher_listener/build/lib/publisher_listener/listener_node.py -> /home/tanay/ros2_workspace/src/publisher_listener/install/publisher_listener/lib/python3.10/site-packages/publisher_listener
[2.037s] copying /home/tanay/ros2_workspace/src/publisher_listener/build/publisher_listener/build/lib/publisher_listener/__init__.py -> /home/tanay/ros2_workspace/src/publisher_listener/install/publisher_listener/lib/python3.10/site-packages/publisher_listener
[2.038s] byte-compiling /home/tanay/ros2_workspace/src/publisher_listener/install/publisher_listener/lib/python3.10/site-packages/publisher_listener/publisher_node.py to publisher_node.cpython-310.pyc
[2.039s] byte-compiling /home/tanay/ros2_workspace/src/publisher_listener/install/publisher_listener/lib/python3.10/site-packages/publisher_listener/listener_node.py to listener_node.cpython-310.pyc
[2.039s] byte-compiling /home/tanay/ros2_workspace/src/publisher_listener/install/publisher_listener/lib/python3.10/site-packages/publisher_listener/__init__.py to __init__.cpython-310.pyc
[2.040s] running install_data
[2.040s] creating /home/tanay/ros2_workspace/src/publisher_listener/install/publisher_listener/share
[2.040s] creating /home/tanay/ros2_workspace/src/publisher_listener/install/publisher_listener/share/ament_index
[2.040s] creating /home/tanay/ros2_workspace/src/publisher_listener/install/publisher_listener/share/ament_index/resource_index
[2.041s] creating /home/tanay/ros2_workspace/src/publisher_listener/install/publisher_listener/share/ament_index/resource_index/packages
[2.041s] copying resource/publisher_listener -> /home/tanay/ros2_workspace/src/publisher_listener/install/publisher_listener/share/ament_index/resource_index/packages
[2.041s] creating /home/tanay/ros2_workspace/src/publisher_listener/install/publisher_listener/share/publisher_listener
[2.041s] copying package.xml -> /home/tanay/ros2_workspace/src/publisher_listener/install/publisher_listener/share/publisher_listener
[2.041s] running install_egg_info
[2.044s] Copying build/publisher_listener/publisher_listener.egg-info to /home/tanay/ros2_workspace/src/publisher_listener/install/publisher_listener/lib/python3.10/site-packages/publisher_listener-0.0.0-py3.10.egg-info
[2.046s] running install_scripts
[2.089s] Installing listener_node script to /home/tanay/ros2_workspace/src/publisher_listener/install/publisher_listener/lib/publisher_listener
[2.089s] Installing publisher_node script to /home/tanay/ros2_workspace/src/publisher_listener/install/publisher_listener/lib/publisher_listener
[2.089s] writing list of installed files to '/home/tanay/ros2_workspace/src/publisher_listener/build/publisher_listener/install.log'
[2.144s] Invoked command in '/home/tanay/ros2_workspace/src/publisher_listener' returned '0': PYTHONPATH=/home/tanay/ros2_workspace/src/publisher_listener/build/publisher_listener/prefix_override:/usr/lib/python3/dist-packages/colcon_core/task/python/colcon_distutils_commands:/home/tanay/ros2_workspace/src/publisher_listener/install/publisher_listener/lib/python3.10/site-packages:${PYTHONPATH} /usr/bin/python3 -W ignore:setup.py install is deprecated -W ignore:easy_install command is deprecated setup.py egg_info --egg-base build/publisher_listener build --build-base /home/tanay/ros2_workspace/src/publisher_listener/build/publisher_listener/build install --record /home/tanay/ros2_workspace/src/publisher_listener/build/publisher_listener/install.log --single-version-externally-managed install_data
